This is pdfTeX, Version 3.1415926-2.3-1.40.12 (MiKTeX 2.9) (preloaded format=pdflatex 2012.9.17)  12 FEB 2013 14:58
entering extended mode
**C:/Users/Jose/Desktop/Doctorado/Revistas/WWV-SpecialIssueJLAP/main.tex
(C:/Users/Jose/Desktop/Doctorado/Revistas/WWV-SpecialIssueJLAP/main.tex
LaTeX2e <2011/06/27>
Babel <v3.8m> and hyphenation patterns for english, afrikaans, ancientgreek, ar
abic, armenian, assamese, basque, bengali, bokmal, bulgarian, catalan, coptic, 
croatian, czech, danish, dutch, esperanto, estonian, farsi, finnish, french, ga
lician, german, german-x-2009-06-19, greek, gujarati, hindi, hungarian, iceland
ic, indonesian, interlingua, irish, italian, kannada, kurmanji, lao, latin, lat
vian, lithuanian, malayalam, marathi, mongolian, mongolianlmc, monogreek, ngerm
an, ngerman-x-2009-06-19, nynorsk, oriya, panjabi, pinyin, polish, portuguese, 
romanian, russian, sanskrit, serbian, slovak, slovenian, spanish, swedish, swis
sgerman, tamil, telugu, turkish, turkmen, ukenglish, ukrainian, uppersorbian, u
senglishmax, welsh, loaded.
(C:\Users\Jose\Desktop\Doctorado\Revistas\WWV-SpecialIssueJLAP\elsarticle.cls
Document Class: elsarticle 2009/09/17, 1.20b: Elsevier Ltd
\@bls=\dimen102
("C:\Program Files (x86)\MiKTeX 2.9\tex\latex\base\article.cls"
Document Class: article 2007/10/19 v1.4h Standard LaTeX document class
("C:\Program Files (x86)\MiKTeX 2.9\tex\latex\base\size10.clo"
File: size10.clo 2007/10/19 v1.4h Standard LaTeX file (size option)
)
\c@part=\count79
\c@section=\count80
\c@subsection=\count81
\c@subsubsection=\count82
\c@paragraph=\count83
\c@subparagraph=\count84
\c@figure=\count85
\c@table=\count86
\abovecaptionskip=\skip41
\belowcaptionskip=\skip42
\bibindent=\dimen103
)
("C:\Program Files (x86)\MiKTeX 2.9\tex\latex\graphics\graphicx.sty"
Package: graphicx 1999/02/16 v1.0f Enhanced LaTeX Graphics (DPC,SPQR)

("C:\Program Files (x86)\MiKTeX 2.9\tex\latex\graphics\keyval.sty"
Package: keyval 1999/03/16 v1.13 key=value parser (DPC)
\KV@toks@=\toks14
)
("C:\Program Files (x86)\MiKTeX 2.9\tex\latex\graphics\graphics.sty"
Package: graphics 2009/02/05 v1.0o Standard LaTeX Graphics (DPC,SPQR)

("C:\Program Files (x86)\MiKTeX 2.9\tex\latex\graphics\trig.sty"
Package: trig 1999/03/16 v1.09 sin cos tan (DPC)
)
("C:\Program Files (x86)\MiKTeX 2.9\tex\latex\00miktex\graphics.cfg"
File: graphics.cfg 2007/01/18 v1.5 graphics configuration of teTeX/TeXLive
)
Package graphics Info: Driver file: pdftex.def on input line 91.

("C:\Program Files (x86)\MiKTeX 2.9\tex\latex\pdftex-def\pdftex.def"
File: pdftex.def 2011/05/27 v0.06d Graphics/color for pdfTeX

("C:\Program Files (x86)\MiKTeX 2.9\tex\generic\oberdiek\infwarerr.sty"
Package: infwarerr 2010/04/08 v1.3 Providing info/warning/error messages (HO)
)
("C:\Program Files (x86)\MiKTeX 2.9\tex\generic\oberdiek\ltxcmds.sty"
Package: ltxcmds 2011/11/09 v1.22 LaTeX kernel commands for general use (HO)
)
\Gread@gobject=\count87
))
\Gin@req@height=\dimen104
\Gin@req@width=\dimen105
)
("C:\Program Files (x86)\MiKTeX 2.9\tex\latex\psnfss\pifont.sty"
Package: pifont 2005/04/12 PSNFSS-v9.2a Pi font support (SPQR) 
LaTeX Font Info:    Try loading font information for U+pzd on input line 63.

("C:\Program Files (x86)\MiKTeX 2.9\tex\latex\psnfss\upzd.fd"
File: upzd.fd 2001/06/04 font definitions for U/pzd.
)
LaTeX Font Info:    Try loading font information for U+psy on input line 64.

("C:\Program Files (x86)\MiKTeX 2.9\tex\latex\psnfss\upsy.fd"
File: upsy.fd 2001/06/04 font definitions for U/psy.
))
\c@tnote=\count88
\c@fnote=\count89
\c@cnote=\count90
\c@ead=\count91
\c@author=\count92
\@eadauthor=\toks15
\c@affn=\count93
\absbox=\box26
\keybox=\box27
\Columnwidth=\dimen106
\space@left=\dimen107
\els@boxa=\box28
\els@boxb=\box29
\leftMargin=\dimen108
\@enLab=\toks16
\@sep=\skip43
\@@sep=\skip44

(C:\Users\Jose\Desktop\Doctorado\Revistas\WWV-SpecialIssueJLAP\main.spl)
(C:\Users\Jose\AppData\Roaming\MiKTeX\2.9\tex\latex\natbib\natbib.sty
Package: natbib 2010/09/13 8.31b (PWD, AO)
\bibhang=\skip45
\bibsep=\skip46
LaTeX Info: Redefining \cite on input line 694.
\c@NAT@ctr=\count94
)
\splwrite=\write3
\appnamewidth=\dimen109
)
("C:\Program Files (x86)\MiKTeX 2.9\tex\latex\base\makeidx.sty"
Package: makeidx 2000/03/29 v1.0m Standard LaTeX package
)
("C:\Program Files (x86)\MiKTeX 2.9\tex\latex\pstricks\pstricks.sty"
Package: pstricks 2011/10/31 v0.52 LaTeX wrapper for `PSTricks' (RN,HV)

("C:\Program Files (x86)\MiKTeX 2.9\tex\generic\pstricks\base\pstricks.tex"
("C:\Program Files (x86)\MiKTeX 2.9\tex\generic\xkeyval\pst-xkey.tex"
File: pst-xkey.tex 2005/11/25 v1.6 PSTricks specialization of xkeyval (HA)

("C:\Program Files (x86)\MiKTeX 2.9\tex\latex\xkeyval\xkeyval.sty"
Package: xkeyval 2008/08/13 v2.6a package option processing (HA)

("C:\Program Files (x86)\MiKTeX 2.9\tex\generic\xkeyval\xkeyval.tex"
\XKV@toks=\toks17
\XKV@tempa@toks=\toks18
\XKV@depth=\count95
File: xkeyval.tex 2008/08/13 v2.6a key=value parser (HA)
)))
("C:\Program Files (x86)\MiKTeX 2.9\tex\generic\pstricks\base\pst-fp.tex"
`pst-fp' v0.05, 2010/01/17 (hv)
\pstFP@xs=\count96
\pstFP@xia=\count97
\pstFP@xib=\count98
\pstFP@xfa=\count99
\pstFP@xfb=\count100
\pstFP@rega=\count101
\pstFP@regb=\count102
\pstFP@regs=\count103
\pstFP@times=\count104
)
\psLoopIndex=\count105

`PSTricks' v2.27  <2012/03/11> (tvz)
\pst@dima=\dimen110
\pst@dimb=\dimen111
\pst@dimc=\dimen112
\pst@dimd=\dimen113
\pst@dimg=\dimen114
\pst@dimh=\dimen115
\pst@dimm=\dimen116
\pst@dimn=\dimen117
\pst@dimo=\dimen118
\pst@dimp=\dimen119
\pst@hbox=\box30
\pst@ibox=\box31
\pst@boxg=\box32
\pst@cnta=\count106
\pst@cntb=\count107
\pst@cntc=\count108
\pst@cntd=\count109
\pst@cntg=\count110
\pst@cnth=\count111
\pst@cntm=\count112
\pst@cntn=\count113
\pst@cnto=\count114
\pst@cntp=\count115
\@zero=\count116
\pst@toks=\toks19
("C:\Program Files (x86)\MiKTeX 2.9\tex\generic\pstricks\base\pstricks.con")
\psunit=\dimen120
\psxunit=\dimen121
\psyunit=\dimen122
\pst@C@@rType=\count117
\pslinewidth=\dimen123
\psk@startLW=\dimen124
\psk@endLW=\dimen125
\pst@customdefs=\toks20
\pslinearc=\dimen126
\pst@symbolStep=\dimen127
\pst@symbolWidth=\dimen128
\pst@symbolLinewidth=\dimen129
\everypsbox=\toks21
\psframesep=\dimen130
\pslabelsep=\dimen131
\pst@shift=\dimen132
\theoverlaybox=\box33
)
File: pstricks.tex 2012/03/11 v2.27 `PSTricks' (tvz,hv)

("C:\Program Files (x86)\MiKTeX 2.9\tex\generic\pstricks\base\pst-fp.tex")
File: pst-fp.tex 2012/03/11 v2.27 `PST-fp' (hv)

(C:\Users\Jose\AppData\Roaming\MiKTeX\2.9\tex\latex\xcolor\xcolor.sty
Package: xcolor 2007/01/21 v2.11 LaTeX color extensions (UK)

("C:\Program Files (x86)\MiKTeX 2.9\tex\latex\00miktex\color.cfg"
File: color.cfg 2007/01/18 v1.5 color configuration of teTeX/TeXLive
)
Package xcolor Info: Driver file: pdftex.def on input line 225.
Package xcolor Info: Model `cmy' substituted by `cmy0' on input line 1337.
Package xcolor Info: Model `hsb' substituted by `rgb' on input line 1341.
Package xcolor Info: Model `RGB' extended on input line 1353.
Package xcolor Info: Model `HTML' substituted by `rgb' on input line 1355.
Package xcolor Info: Model `Hsb' substituted by `hsb' on input line 1356.
Package xcolor Info: Model `tHsb' substituted by `hsb' on input line 1357.
Package xcolor Info: Model `HSB' substituted by `hsb' on input line 1358.
Package xcolor Info: Model `Gray' substituted by `gray' on input line 1359.
Package xcolor Info: Model `wave' substituted by `hsb' on input line 1360.
))
("C:\Program Files (x86)\MiKTeX 2.9\tex\latex\graphics\lscape.sty"
Package: lscape 2000/10/22 v3.01 Landscape Pages (DPC)
)
("C:\Program Files (x86)\MiKTeX 2.9\tex\latex\hyperref\hyperref.sty"
Package: hyperref 2012/05/13 v6.82q Hypertext links for LaTeX

("C:\Program Files (x86)\MiKTeX 2.9\tex\generic\oberdiek\hobsub-hyperref.sty"
Package: hobsub-hyperref 2012/04/25 v1.12 Bundle oberdiek, subset hyperref (HO)


("C:\Program Files (x86)\MiKTeX 2.9\tex\generic\oberdiek\hobsub-generic.sty"
Package: hobsub-generic 2012/04/25 v1.12 Bundle oberdiek, subset generic (HO)
Package: hobsub 2012/04/25 v1.12 Construct package bundles (HO)
Package hobsub Info: Skipping package `infwarerr' (already loaded).
Package hobsub Info: Skipping package `ltxcmds' (already loaded).
Package: ifluatex 2010/03/01 v1.3 Provides the ifluatex switch (HO)
Package ifluatex Info: LuaTeX not detected.
Package: ifvtex 2010/03/01 v1.5 Detect VTeX and its facilities (HO)
Package ifvtex Info: VTeX not detected.
Package: intcalc 2007/09/27 v1.1 Expandable calculations with integers (HO)
Package: ifpdf 2011/01/30 v2.3 Provides the ifpdf switch (HO)
Package ifpdf Info: pdfTeX in PDF mode is detected.
Package: etexcmds 2011/02/16 v1.5 Avoid name clashes with e-TeX commands (HO)
Package etexcmds Info: Could not find \expanded.
(etexcmds)             That can mean that you are not using pdfTeX 1.50 or
(etexcmds)             that some package has redefined \expanded.
(etexcmds)             In the latter case, load this package earlier.
Package: kvsetkeys 2012/04/25 v1.16 Key value parser (HO)
Package: kvdefinekeys 2011/04/07 v1.3 Define keys (HO)
Package: pdftexcmds 2011/11/29 v0.20 Utility functions of pdfTeX for LuaTeX (HO
)
Package pdftexcmds Info: LuaTeX not detected.
Package pdftexcmds Info: \pdf@primitive is available.
Package pdftexcmds Info: \pdf@ifprimitive is available.
Package pdftexcmds Info: \pdfdraftmode found.
Package: pdfescape 2011/11/25 v1.13 Implements pdfTeX's escape features (HO)
Package: bigintcalc 2012/04/08 v1.3 Expandable calculations on big integers (HO
)
Package: bitset 2011/01/30 v1.1 Handle bit-vector datatype (HO)
Package: uniquecounter 2011/01/30 v1.2 Provide unlimited unique counter (HO)
)
Package hobsub Info: Skipping package `hobsub' (already loaded).
Package: letltxmacro 2010/09/02 v1.4 Let assignment for LaTeX macros (HO)
Package: hopatch 2011/06/24 v1.1 Wrapper for package hooks (HO)
Package: xcolor-patch 2011/01/30 xcolor patch
Package: atveryend 2011/06/30 v1.8 Hooks at the very end of document (HO)
Package atveryend Info: \enddocument detected (standard20110627).
Package: atbegshi 2011/10/05 v1.16 At begin shipout hook (HO)
Package: refcount 2011/10/16 v3.4 Data extraction from label references (HO)
Package: hycolor 2011/01/30 v1.7 Color options for hyperref/bookmark (HO)
)
("C:\Program Files (x86)\MiKTeX 2.9\tex\generic\ifxetex\ifxetex.sty"
Package: ifxetex 2010/09/12 v0.6 Provides ifxetex conditional
)
("C:\Program Files (x86)\MiKTeX 2.9\tex\latex\oberdiek\kvoptions.sty"
Package: kvoptions 2011/06/30 v3.11 Key value format for package options (HO)
)
\@linkdim=\dimen133
\Hy@linkcounter=\count118
\Hy@pagecounter=\count119

("C:\Program Files (x86)\MiKTeX 2.9\tex\latex\hyperref\pd1enc.def"
File: pd1enc.def 2012/05/13 v6.82q Hyperref: PDFDocEncoding definition (HO)
)
\Hy@SavedSpaceFactor=\count120

("C:\Program Files (x86)\MiKTeX 2.9\tex\latex\00miktex\hyperref.cfg"
File: hyperref.cfg 2002/06/06 v1.2 hyperref configuration of TeXLive
)
Package hyperref Info: Hyper figures OFF on input line 4062.
Package hyperref Info: Link nesting OFF on input line 4067.
Package hyperref Info: Hyper index ON on input line 4070.
Package hyperref Info: Plain pages OFF on input line 4077.
Package hyperref Info: Backreferencing OFF on input line 4082.
Package hyperref Info: Implicit mode ON; LaTeX internals redefined.
Package hyperref Info: Bookmarks ON on input line 4300.
\c@Hy@tempcnt=\count121

("C:\Program Files (x86)\MiKTeX 2.9\tex\latex\ltxmisc\url.sty"
\Urlmuskip=\muskip10
Package: url 2006/04/12  ver 3.3  Verb mode for urls, etc.
)
LaTeX Info: Redefining \url on input line 4653.
\Fld@menulength=\count122
\Field@Width=\dimen134
\Fld@charsize=\dimen135
Package hyperref Info: Hyper figures OFF on input line 5773.
Package hyperref Info: Link nesting OFF on input line 5778.
Package hyperref Info: Hyper index ON on input line 5781.
Package hyperref Info: backreferencing OFF on input line 5788.
Package hyperref Info: Link coloring OFF on input line 5793.
Package hyperref Info: Link coloring with OCG OFF on input line 5798.
Package hyperref Info: PDF/A mode OFF on input line 5803.
LaTeX Info: Redefining \ref on input line 5843.
LaTeX Info: Redefining \pageref on input line 5847.
\Hy@abspage=\count123
\c@Item=\count124
\c@Hfootnote=\count125
)

Package hyperref Message: Driver (autodetected): hpdftex.

("C:\Program Files (x86)\MiKTeX 2.9\tex\latex\hyperref\hpdftex.def"
File: hpdftex.def 2012/05/13 v6.82q Hyperref driver for pdfTeX
\Fld@listcount=\count126
\c@bookmark@seq@number=\count127

("C:\Program Files (x86)\MiKTeX 2.9\tex\latex\oberdiek\rerunfilecheck.sty"
Package: rerunfilecheck 2011/04/15 v1.7 Rerun checks for auxiliary files (HO)
Package uniquecounter Info: New unique counter `rerunfilecheck' on input line 2
82.
)
\Hy@SectionHShift=\skip47
)
("C:\Program Files (x86)\MiKTeX 2.9\tex\latex\ams\math\amsmath.sty"
Package: amsmath 2000/07/18 v2.13 AMS math features
\@mathmargin=\skip48

For additional information on amsmath, use the `?' option.
("C:\Program Files (x86)\MiKTeX 2.9\tex\latex\ams\math\amstext.sty"
Package: amstext 2000/06/29 v2.01

("C:\Program Files (x86)\MiKTeX 2.9\tex\latex\ams\math\amsgen.sty"
File: amsgen.sty 1999/11/30 v2.0
\@emptytoks=\toks22
\ex@=\dimen136
))
("C:\Program Files (x86)\MiKTeX 2.9\tex\latex\ams\math\amsbsy.sty"
Package: amsbsy 1999/11/29 v1.2d
\pmbraise@=\dimen137
)
("C:\Program Files (x86)\MiKTeX 2.9\tex\latex\ams\math\amsopn.sty"
Package: amsopn 1999/12/14 v2.01 operator names
)
\inf@bad=\count128
LaTeX Info: Redefining \frac on input line 211.
\uproot@=\count129
\leftroot@=\count130
LaTeX Info: Redefining \overline on input line 307.
\classnum@=\count131
\DOTSCASE@=\count132
LaTeX Info: Redefining \ldots on input line 379.
LaTeX Info: Redefining \dots on input line 382.
LaTeX Info: Redefining \cdots on input line 467.
\Mathstrutbox@=\box34
\strutbox@=\box35
\big@size=\dimen138
LaTeX Font Info:    Redeclaring font encoding OML on input line 567.
LaTeX Font Info:    Redeclaring font encoding OMS on input line 568.
\macc@depth=\count133
\c@MaxMatrixCols=\count134
\dotsspace@=\muskip11
\c@parentequation=\count135
\dspbrk@lvl=\count136
\tag@help=\toks23
\row@=\count137
\column@=\count138
\maxfields@=\count139
\andhelp@=\toks24
\eqnshift@=\dimen139
\alignsep@=\dimen140
\tagshift@=\dimen141
\tagwidth@=\dimen142
\totwidth@=\dimen143
\lineht@=\dimen144
\@envbody=\toks25
\multlinegap=\skip49
\multlinetaggap=\skip50
\mathdisplay@stack=\toks26
LaTeX Info: Redefining \[ on input line 2666.
LaTeX Info: Redefining \] on input line 2667.
)
("C:\Program Files (x86)\MiKTeX 2.9\tex\latex\amsfonts\amssymb.sty"
Package: amssymb 2009/06/22 v3.00

("C:\Program Files (x86)\MiKTeX 2.9\tex\latex\amsfonts\amsfonts.sty"
Package: amsfonts 2009/06/22 v3.00 Basic AMSFonts support
\symAMSa=\mathgroup4
\symAMSb=\mathgroup5
LaTeX Font Info:    Overwriting math alphabet `\mathfrak' in version `bold'
(Font)                  U/euf/m/n --> U/euf/b/n on input line 96.
))
("C:\Program Files (x86)\MiKTeX 2.9\tex\latex\tools\enumerate.sty"
Package: enumerate 1999/03/05 v3.00 enumerate extensions (DPC)
\@enLab=\toks27
)
("C:\Program Files (x86)\MiKTeX 2.9\tex\latex\base\latexsym.sty"
Package: latexsym 1998/08/17 v2.2e Standard LaTeX package (lasy symbols)
\symlasy=\mathgroup6
LaTeX Font Info:    Overwriting symbol font `lasy' in version `bold'
(Font)                  U/lasy/m/n --> U/lasy/b/n on input line 47.
)
(C:\Users\Jose\AppData\Roaming\MiKTeX\2.9\tex\latex\colortbl\colortbl.sty
Package: colortbl 2001/02/13 v0.1j Color table columns (DPC)

("C:\Program Files (x86)\MiKTeX 2.9\tex\latex\tools\array.sty"
Package: array 2008/09/09 v2.4c Tabular extension package (FMi)
\col@sep=\dimen145
\extrarowheight=\dimen146
\NC@list=\toks28
\extratabsurround=\skip51
\backup@length=\skip52
)
\everycr=\toks29
\minrowclearance=\skip53
)
(C:\Users\Jose\AppData\Roaming\MiKTeX\2.9\tex\latex\moreverb\moreverb.sty
Package: moreverb 2008/06/03 v2.3a `more' verbatim facilities

("C:\Program Files (x86)\MiKTeX 2.9\tex\latex\tools\verbatim.sty"
Package: verbatim 2003/08/22 v1.5q LaTeX2e package for verbatim enhancements
\every@verbatim=\toks30
\verbatim@line=\toks31
\verbatim@in@stream=\read1
)
\tab@position=\count140
\tab@size=\count141
\listing@line=\count142
)
("C:\Program Files (x86)\MiKTeX 2.9\tex\latex\base\inputenc.sty"
Package: inputenc 2008/03/30 v1.1d Input encoding file
\inpenc@prehook=\toks32
\inpenc@posthook=\toks33

("C:\Program Files (x86)\MiKTeX 2.9\tex\latex\base\latin1.def"
File: latin1.def 2008/03/30 v1.1d Input encoding file
))
(C:\Users\Jose\AppData\Roaming\MiKTeX\2.9\tex\latex\tabulary\tabulary.sty
Package: tabulary 2008/12/01 v0.9 tabulary package (DPC)
\TY@count=\count143
\TY@linewidth=\dimen147
\tymin=\dimen148
\tymax=\dimen149
\TY@tablewidth=\dimen150
)
("C:\Program Files (x86)\MiKTeX 2.9\tex\latex\tools\multicol.sty"
Package: multicol 2011/06/27 v1.7a multicolumn formatting (FMi)
\c@tracingmulticols=\count144
\mult@box=\box36
\multicol@leftmargin=\dimen151
\c@unbalance=\count145
\c@collectmore=\count146
\doublecol@number=\count147
\multicoltolerance=\count148
\multicolpretolerance=\count149
\full@width=\dimen152
\page@free=\dimen153
\premulticols=\dimen154
\postmulticols=\dimen155
\multicolsep=\skip54
\multicolbaselineskip=\skip55
\partial@page=\box37
\last@line=\box38
\mult@rightbox=\box39
\mult@grightbox=\box40
\mult@gfirstbox=\box41
\mult@firstbox=\box42
\@tempa=\box43
\@tempa=\box44
\@tempa=\box45
\@tempa=\box46
\@tempa=\box47
\@tempa=\box48
\@tempa=\box49
\@tempa=\box50
\@tempa=\box51
\@tempa=\box52
\@tempa=\box53
\@tempa=\box54
\@tempa=\box55
\@tempa=\box56
\@tempa=\box57
\@tempa=\box58
\@tempa=\box59
\c@columnbadness=\count150
\c@finalcolumnbadness=\count151
\last@try=\dimen156
\multicolovershoot=\dimen157
\multicolundershoot=\dimen158
\mult@nat@firstbox=\box60
\colbreak@box=\box61
\multicol@sort@counter=\count152
)
("C:\Program Files (x86)\MiKTeX 2.9\tex\latex\oberdiek\pdflscape.sty"
Package: pdflscape 2008/08/11 v0.10 Display of landscape pages in PDF (HO)
Package pdflscape Info: Auto-detected driver: pdftex on input line 80.
)
(C:\Users\Jose\AppData\Roaming\MiKTeX\2.9\tex\latex\boxedminipage\boxedminipage
.sty) (C:\Users\Jose\AppData\Roaming\MiKTeX\2.9\tex\latex\subfig\subfig.sty
Package: subfig 2005/06/28 ver: 1.3 subfig package

(C:\Users\Jose\AppData\Roaming\MiKTeX\2.9\tex\latex\caption\caption.sty
Package: caption 2013/02/03 v3.3-65 Customizing captions (AR)

(C:\Users\Jose\AppData\Roaming\MiKTeX\2.9\tex\latex\caption\caption3.sty
Package: caption3 2013/02/03 v1.5-62 caption3 kernel (AR)
\captionmargin=\dimen159
\captionmargin@=\dimen160
\captionwidth=\dimen161
\caption@tempdima=\dimen162
\caption@indent=\dimen163
\caption@parindent=\dimen164
\caption@hangindent=\dimen165
)
\c@ContinuedFloat=\count153
Package caption Info: hyperref package is loaded.
)
\c@KVtest=\count154
\sf@farskip=\skip56
\sf@captopadj=\dimen166
\sf@capskip=\skip57
\sf@nearskip=\skip58
\c@subfigure=\count155
\c@subfigure@save=\count156
\c@lofdepth=\count157
\c@subtable=\count158
\c@subtable@save=\count159
\c@lotdepth=\count160
\sf@top=\skip59
\sf@bottom=\skip60
)
("C:\Program Files (x86)\MiKTeX 2.9\tex\latex\graphics\epsfig.sty"
Package: epsfig 1999/02/16 v1.7a (e)psfig emulation (SPQR)
\epsfxsize=\dimen167
\epsfysize=\dimen168
)
(C:\Users\Jose\AppData\Roaming\MiKTeX\2.9\tex\latex\pdfpages\pdfpages.sty
Package: pdfpages 2012/08/31 v0.4t Insert pages of external PDF documents (AM)

("C:\Program Files (x86)\MiKTeX 2.9\tex\latex\base\ifthen.sty"
Package: ifthen 2001/05/26 v1.1c Standard LaTeX ifthen package (DPC)
)
("C:\Program Files (x86)\MiKTeX 2.9\tex\latex\tools\calc.sty"
Package: calc 2007/08/22 v4.3 Infix arithmetic (KKT,FJ)
\calc@Acount=\count161
\calc@Bcount=\count162
\calc@Adimen=\dimen169
\calc@Bdimen=\dimen170
\calc@Askip=\skip61
\calc@Bskip=\skip62
LaTeX Info: Redefining \setlength on input line 76.
LaTeX Info: Redefining \addtolength on input line 77.
\calc@Ccount=\count163
\calc@Cskip=\skip63
)
(C:\Users\Jose\AppData\Roaming\MiKTeX\2.9\tex\latex\eso-pic\eso-pic.sty
Package: eso-pic 2010/10/06 v2.0c eso-pic (RN)
)
(C:\Users\Jose\AppData\Roaming\MiKTeX\2.9\tex\latex\pdfpages\pppdftex.def
File: pppdftex.def 2012/08/31 v0.4t Pdfpages driver for pdfTeX (AM)
)
\AM@pagebox=\box62
\AM@toc@title=\toks34
\c@AM@survey=\count164
\AM@templatesizebox=\box63
)
(C:\Users\Jose\AppData\Roaming\MiKTeX\2.9\tex\latex\arydshln\arydshln.sty
Package: arydshln 2004/08/31 v1.71 
\dashlinedash=\dimen171
\dashlinegap=\dimen172
\adl@box=\box64
\adl@height=\dimen173
\adl@heightsave=\dimen174
\adl@depth=\dimen175
\adl@depthsave=\dimen176
\adl@finaldepth=\dimen177
\adl@columns=\count165
\adl@ncol=\count166
\adl@currentcolumn=\count167
\adl@currentcolumnsave=\count168
\adl@totalheight=\count169
\adl@totalheightsave=\count170
\adl@dash=\count171
\adl@gap=\count172
\adl@cla=\count173
\adl@clb=\count174
\adl@everyvbox=\toks35
\adl@LTpagetotal=\dimen178
)
("C:\Program Files (x86)\MiKTeX 2.9\tex\latex\oberdiek\epstopdf.sty"
Package: epstopdf 2010/02/09 v2.5 Conversion with epstopdf on the fly (HO)

("C:\Program Files (x86)\MiKTeX 2.9\tex\latex\oberdiek\epstopdf-base.sty"
Package: epstopdf-base 2010/02/09 v2.5 Base part for package epstopdf

("C:\Program Files (x86)\MiKTeX 2.9\tex\latex\oberdiek\grfext.sty"
Package: grfext 2010/08/19 v1.1 Manage graphics extensions (HO)
)
Package grfext Info: Graphics extension search list:
(grfext)             [.png,.pdf,.jpg,.mps,.jpeg,.jbig2,.jb2,.PNG,.PDF,.JPG,.JPE
G,.JBIG2,.JB2,.eps]
(grfext)             \AppendGraphicsExtensions on input line 452.
))
(C:\Users\Jose\AppData\Roaming\MiKTeX\2.9\tex\latex\setspace\setspace.sty
Package: setspace 2011/12/19 v6.7a set line spacing
)
\c@theorem=\count175

(C:\Users\Jose\Desktop\Doctorado\Revistas\WWV-SpecialIssueJLAP\main.aux)
LaTeX Font Info:    Checking defaults for OML/cmm/m/it on input line 181.
LaTeX Font Info:    ... okay on input line 181.
LaTeX Font Info:    Checking defaults for T1/cmr/m/n on input line 181.
LaTeX Font Info:    ... okay on input line 181.
LaTeX Font Info:    Checking defaults for OT1/cmr/m/n on input line 181.
LaTeX Font Info:    ... okay on input line 181.
LaTeX Font Info:    Checking defaults for OMS/cmsy/m/n on input line 181.
LaTeX Font Info:    ... okay on input line 181.
LaTeX Font Info:    Checking defaults for OMX/cmex/m/n on input line 181.
LaTeX Font Info:    ... okay on input line 181.
LaTeX Font Info:    Checking defaults for U/cmr/m/n on input line 181.
LaTeX Font Info:    ... okay on input line 181.
LaTeX Font Info:    Checking defaults for PD1/pdf/m/n on input line 181.
LaTeX Font Info:    ... okay on input line 181.

(C:\Users\Jose\AppData\Roaming\MiKTeX\2.9\tex\context\base\supp-pdf.mkii
[Loading MPS to PDF converter (version 2006.09.02).]
\scratchcounter=\count176
\scratchdimen=\dimen179
\scratchbox=\box65
\nofMPsegments=\count177
\nofMParguments=\count178
\everyMPshowfont=\toks36
\MPscratchCnt=\count179
\MPscratchDim=\dimen180
\MPnumerator=\count180
\makeMPintoPDFobject=\count181
\everyMPtoPDFconversion=\toks37
)
\AtBeginShipoutBox=\box66
Package hyperref Info: Link coloring OFF on input line 181.
 ("C:\Program Files (x86)\MiKTeX 2.9\tex\latex\hyperref\nameref.sty"
Package: nameref 2010/04/30 v2.40 Cross-referencing by name of section

("C:\Program Files (x86)\MiKTeX 2.9\tex\generic\oberdiek\gettitlestring.sty"
Package: gettitlestring 2010/12/03 v1.4 Cleanup title references (HO)
)
\c@section@level=\count182
)
LaTeX Info: Redefining \ref on input line 181.
LaTeX Info: Redefining \pageref on input line 181.
LaTeX Info: Redefining \nameref on input line 181.

(C:\Users\Jose\Desktop\Doctorado\Revistas\WWV-SpecialIssueJLAP\main.out)
(C:\Users\Jose\Desktop\Doctorado\Revistas\WWV-SpecialIssueJLAP\main.out)
\@outlinefile=\write4
Package caption Info: Begin \AtBeginDocument code.
Package caption Info: subfig package v1.3 is loaded.
Package caption Info: End \AtBeginDocument code.
LaTeX Font Info:    Try loading font information for U+msa on input line 240.

("C:\Program Files (x86)\MiKTeX 2.9\tex\latex\amsfonts\umsa.fd"
File: umsa.fd 2009/06/22 v3.00 AMS symbols A
)
LaTeX Font Info:    Try loading font information for U+msb on input line 240.

("C:\Program Files (x86)\MiKTeX 2.9\tex\latex\amsfonts\umsb.fd"
File: umsb.fd 2009/06/22 v3.00 AMS symbols B
)
LaTeX Font Info:    Try loading font information for U+lasy on input line 240.

("C:\Program Files (x86)\MiKTeX 2.9\tex\latex\base\ulasy.fd"
File: ulasy.fd 1998/08/17 v2.2e LaTeX symbol font definitions
)
(C:\Users\Jose\Desktop\Doctorado\Revistas\WWV-SpecialIssueJLAP\introd.tex
[1
Non-PDF special ignored!
Non-PDF special ignored!
Non-PDF special ignored!
Non-PDF special ignored!


Non-PDF special ignored!
Non-PDF special ignored!

{C:/Users/Jose/AppData/Local/MiKTeX/2.9/pdftex/config/pdftex.map}] [2] [3]
LaTeX Font Info:    Try loading font information for OMS+cmr on input line 221.

 ("C:\Program Files (x86)\MiKTeX 2.9\tex\latex\base\omscmr.fd"
File: omscmr.fd 1999/05/25 v2.5h Standard LaTeX font definitions
)
LaTeX Font Info:    Font shape `OMS/cmr/m/n' in size <10> not available
(Font)              Font shape `OMS/cmsy/m/n' tried instead on input line 221.
 [4] [5]
Overfull \hbox (6.3136pt too wide) in paragraph at lines 344--392
[][] 
 []

) (C:\Users\Jose\Desktop\Doctorado\Revistas\WWV-SpecialIssueJLAP\semantics.tex
LaTeX Font Info:    Font shape `OMS/cmr/m/it' in size <10> not available
(Font)              Font shape `OMS/cmsy/m/n' tried instead on input line 18.

[6] [7] [8]
Overfull \hbox (11.85219pt too wide) in paragraph at lines 311--317
[]|[]| 
 []


Overfull \hbox (1.795pt too wide) in paragraph at lines 392--392
\OT1/cmr/m/n/5 pick($\OMS/cmsy/m/n/5 f\OT1/cmr/m/n/5 (\OML/cmm/m/it/5 pl[]; op[
]; v[]; A[]\OT1/cmr/m/n/5 )\OMS/cmsy/m/n/5 g[]\OML/cmm/m/it/5 ; A$\OT1/cmr/m/n/
5 ,timeout)  
 []


Overfull \hbox (13.09712pt too wide) in paragraph at lines 211--470
 [] 
 []

[9] [10]
Package epstopdf Info: Source file: <Images/throw.eps>
(epstopdf)                    date: 2013-02-12 12:09:06
(epstopdf)                    size: 208311 bytes
(epstopdf)             Output file: <Images/throw-eps-converted-to.pdf>
(epstopdf)                    date: 2013-02-12 12:12:52
(epstopdf)                    size: 10918 bytes
(epstopdf)             Command: <epstopdf --outfile=Images/throw-eps-converted-
to.pdf Images/throw.eps>
(epstopdf)             \includegraphics on input line 559.
Package epstopdf Info: Output file is already uptodate.
 <Images/throw-eps-converted-to.pdf, id=184, 320.19624pt x 176.66pt>
File: Images/throw-eps-converted-to.pdf Graphic file (type pdf)

<use Images/throw-eps-converted-to.pdf>
Package pdftex.def Info: Images/throw-eps-converted-to.pdf used on input line 5
59.
(pdftex.def)             Requested size: 96.0596pt x 52.9984pt.
Package epstopdf Info: Source file: <Images/exit.eps>
(epstopdf)                    date: 2013-02-12 12:08:33
(epstopdf)                    size: 208311 bytes
(epstopdf)             Output file: <Images/exit-eps-converted-to.pdf>
(epstopdf)                    date: 2013-02-12 12:12:53
(epstopdf)                    size: 10730 bytes
(epstopdf)             Command: <epstopdf --outfile=Images/exit-eps-converted-t
o.pdf Images/exit.eps>
(epstopdf)             \includegraphics on input line 559.
Package epstopdf Info: Output file is already uptodate.

<Images/exit-eps-converted-to.pdf, id=185, 324.21124pt x 198.7425pt>
File: Images/exit-eps-converted-to.pdf Graphic file (type pdf)

<use Images/exit-eps-converted-to.pdf>
Package pdftex.def Info: Images/exit-eps-converted-to.pdf used on input line 55
9.
(pdftex.def)             Requested size: 97.26411pt x 59.6232pt.
Package epstopdf Info: Source file: <Images/empty.eps>
(epstopdf)                    date: 2013-02-12 12:15:15
(epstopdf)                    size: 209118 bytes
(epstopdf)             Output file: <Images/empty-eps-converted-to.pdf>
(epstopdf)                    date: 2013-02-12 12:15:54
(epstopdf)                    size: 11096 bytes
(epstopdf)             Command: <epstopdf --outfile=Images/empty-eps-converted-
to.pdf Images/empty.eps>
(epstopdf)             \includegraphics on input line 559.
Package epstopdf Info: Output file is already uptodate.

<Images/empty-eps-converted-to.pdf, id=186, 324.21124pt x 182.6825pt>
File: Images/empty-eps-converted-to.pdf Graphic file (type pdf)

<use Images/empty-eps-converted-to.pdf>
Package pdftex.def Info: Images/empty-eps-converted-to.pdf used on input line 5
59.
(pdftex.def)             Requested size: 97.26411pt x 54.80516pt.
Package epstopdf Info: Source file: <Images/wait.eps>
(epstopdf)                    date: 2013-02-12 12:15:28
(epstopdf)                    size: 209376 bytes
(epstopdf)             Output file: <Images/wait-eps-converted-to.pdf>
(epstopdf)                    date: 2013-02-12 12:15:54
(epstopdf)                    size: 11953 bytes
(epstopdf)             Command: <epstopdf --outfile=Images/wait-eps-converted-t
o.pdf Images/wait.eps>
(epstopdf)             \includegraphics on input line 559.
Package epstopdf Info: Output file is already uptodate.

<Images/wait-eps-converted-to.pdf, id=187, 356.33125pt x 185.69376pt>
File: Images/wait-eps-converted-to.pdf Graphic file (type pdf)

<use Images/wait-eps-converted-to.pdf>
Package pdftex.def Info: Images/wait-eps-converted-to.pdf used on input line 55
9.
(pdftex.def)             Requested size: 106.90019pt x 55.70854pt.
Package epstopdf Info: Source file: <Images/assign.eps>
(epstopdf)                    date: 2013-02-12 12:07:50
(epstopdf)                    size: 217491 bytes
(epstopdf)             Output file: <Images/assign-eps-converted-to.pdf>
(epstopdf)                    date: 2013-02-12 12:12:54
(epstopdf)                    size: 12741 bytes
(epstopdf)             Command: <epstopdf --outfile=Images/assign-eps-converted
-to.pdf Images/assign.eps>
(epstopdf)             \includegraphics on input line 559.
Package epstopdf Info: Output file is already uptodate.

<Images/assign-eps-converted-to.pdf, id=188, 359.3425pt x 281.05pt>
File: Images/assign-eps-converted-to.pdf Graphic file (type pdf)

<use Images/assign-eps-converted-to.pdf>
Package pdftex.def Info: Images/assign-eps-converted-to.pdf used on input line 
559.
(pdftex.def)             Requested size: 107.80357pt x 84.31564pt.
Package epstopdf Info: Source file: <Images/communication.eps>
(epstopdf)                    date: 2013-02-12 12:19:39
(epstopdf)                    size: 233504 bytes
(epstopdf)             Output file: <Images/communication-eps-converted-to.pdf>

(epstopdf)                    date: 2013-02-12 12:19:47
(epstopdf)                    size: 15262 bytes
(epstopdf)             Command: <epstopdf --outfile=Images/communication-eps-co
nverted-to.pdf Images/communication.eps>
(epstopdf)             \includegraphics on input line 581.
Package epstopdf Info: Output file is already uptodate.

<Images/communication-eps-converted-to.pdf, id=190, 717.68124pt x 436.63126pt>
File: Images/communication-eps-converted-to.pdf Graphic file (type pdf)

<use Images/communication-eps-converted-to.pdf>
Package pdftex.def Info: Images/communication-eps-converted-to.pdf used on inpu
t line 581.
(pdftex.def)             Requested size: 193.77652pt x 117.89201pt.
Package epstopdf Info: Source file: <Images/communication_2.eps>
(epstopdf)                    date: 2013-02-12 12:23:17
(epstopdf)                    size: 232141 bytes
(epstopdf)             Output file: <Images/communication_2-eps-converted-to.pd
f>
(epstopdf)                    date: 2013-02-12 12:23:26
(epstopdf)                    size: 15604 bytes
(epstopdf)             Command: <epstopdf --outfile=Images/communication_2-eps-
converted-to.pdf Images/communication_2.eps>
(epstopdf)             \includegraphics on input line 581.
Package epstopdf Info: Output file is already uptodate.

<Images/communication_2-eps-converted-to.pdf, id=191, 638.385pt x 408.52625pt>
File: Images/communication_2-eps-converted-to.pdf Graphic file (type pdf)

<use Images/communication_2-eps-converted-to.pdf>
Package pdftex.def Info: Images/communication_2-eps-converted-to.pdf used on in
put line 581.
(pdftex.def)             Requested size: 172.36624pt x 110.30356pt.

Overfull \hbox (1.11406pt too wide) in paragraph at lines 590--591
[]\OT1/cmr/m/n/10 Fig. []2[] shows the trans-la-tion for both the in-voke/recei
ve and the reply/$[]$
 []

[11 <C:/Users/Jose/Desktop/Doctorado/Revistas/WWV-SpecialIssueJLAP/Images/throw
-eps-converted-to.pdf> <C:/Users/Jose/Desktop/Doctorado/Revistas/WWV-SpecialIss
ueJLAP/Images/exit-eps-converted-to.pdf> <C:/Users/Jose/Desktop/Doctorado/Revis
tas/WWV-SpecialIssueJLAP/Images/empty-eps-converted-to.pdf> <C:/Users/Jose/Desk
top/Doctorado/Revistas/WWV-SpecialIssueJLAP/Images/wait-eps-converted-to.pdf> <
C:/Users/Jose/Desktop/Doctorado/Revistas/WWV-SpecialIssueJLAP/Images/assign-eps
-converted-to.pdf>]
Overfull \hbox (0.27838pt too wide) in paragraph at lines 607--609
[]\OT1/cmr/m/n/10 Concurrency and syn-chro-niza-tion be-tween ac-tiv-i-ties is 
pro-vided by $\OML/cmm/m/it/10 <$\OT1/cmr/m/n/10 flow$\OML/cmm/m/it/10 >$
 []

[12 <C:/Users/Jose/Desktop/Doctorado/Revistas/WWV-SpecialIssueJLAP/Images/commu
nication-eps-converted-to.pdf> <C:/Users/Jose/Desktop/Doctorado/Revistas/WWV-Sp
ecialIssueJLAP/Images/communication_2-eps-converted-to.pdf>]
Package epstopdf Info: Source file: <Images/sequence.eps>
(epstopdf)                    date: 2012-01-15 22:46:02
(epstopdf)                    size: 6267 bytes
(epstopdf)             Output file: <Images/sequence-eps-converted-to.pdf>
(epstopdf)                    date: 2013-02-05 12:33:24
(epstopdf)                    size: 3493 bytes
(epstopdf)             Command: <epstopdf --outfile=Images/sequence-eps-convert
ed-to.pdf Images/sequence.eps>
(epstopdf)             \includegraphics on input line 640.
Package epstopdf Info: Output file is already uptodate.

<Images/sequence-eps-converted-to.pdf, id=249, 243.91125pt x 262.9825pt>
File: Images/sequence-eps-converted-to.pdf Graphic file (type pdf)

<use Images/sequence-eps-converted-to.pdf>
Package pdftex.def Info: Images/sequence-eps-converted-to.pdf used on input lin
e 640.
(pdftex.def)             Requested size: 121.95532pt x 131.49092pt.
 [13 <C:/Users/Jose/Desktop/Doctorado/Revistas/WWV-SpecialIssueJLAP/Images/sequ
ence-eps-converted-to.pdf>]
Package epstopdf Info: Source file: <Images/paralelo.eps>
(epstopdf)                    date: 2013-02-12 10:57:52
(epstopdf)                    size: 31279 bytes
(epstopdf)             Output file: <Images/paralelo-eps-converted-to.pdf>
(epstopdf)                    date: 2013-02-12 11:52:42
(epstopdf)                    size: 12690 bytes
(epstopdf)             Command: <epstopdf --outfile=Images/paralelo-eps-convert
ed-to.pdf Images/paralelo.eps>
(epstopdf)             \includegraphics on input line 683.
Package epstopdf Info: Output file is already uptodate.

<Images/paralelo-eps-converted-to.pdf, id=261, 679.53876pt x 738.76pt>
File: Images/paralelo-eps-converted-to.pdf Graphic file (type pdf)

<use Images/paralelo-eps-converted-to.pdf>
Package pdftex.def Info: Images/paralelo-eps-converted-to.pdf used on input lin
e 683.
(pdftex.def)             Requested size: 341.42757pt x 284.53056pt.

Overfull \hbox (3.23305pt too wide) in paragraph at lines 683--684
 [] 
 []

[14 <C:/Users/Jose/Desktop/Doctorado/Revistas/WWV-SpecialIssueJLAP/Images/paral
elo-eps-converted-to.pdf>]
Underfull \hbox (badness 10000) in paragraph at lines 693--696

 []

Package epstopdf Info: Source file: <Images/pick.eps>
(epstopdf)                    date: 2013-02-12 13:46:30
(epstopdf)                    size: 25110 bytes
(epstopdf)             Output file: <Images/pick-eps-converted-to.pdf>
(epstopdf)                    date: 2013-02-12 13:50:19
(epstopdf)                    size: 8278 bytes
(epstopdf)             Command: <epstopdf --outfile=Images/pick-eps-converted-t
o.pdf Images/pick.eps>
(epstopdf)             \includegraphics on input line 707.
Package epstopdf Info: Output file is already uptodate.
<Images/pick-eps-converted-to.pdf, id=271, 785.93625pt x 639.38875pt>
File: Images/pick-eps-converted-to.pdf Graphic file (type pdf)

<use Images/pick-eps-converted-to.pdf>
Package pdftex.def Info: Images/pick-eps-converted-to.pdf used on input line 70
7.
(pdftex.def)             Requested size: 314.36893pt x 255.75096pt.
 [15 <C:/Users/Jose/Desktop/Doctorado/Revistas/WWV-SpecialIssueJLAP/Images/pick
-eps-converted-to.pdf>]
Package epstopdf Info: Source file: <Images/while.eps>
(epstopdf)                    date: 2013-02-12 11:00:46
(epstopdf)                    size: 14215 bytes
(epstopdf)             Output file: <Images/while-eps-converted-to.pdf>
(epstopdf)                    date: 2013-02-12 11:52:42
(epstopdf)                    size: 5801 bytes
(epstopdf)             Command: <epstopdf --outfile=Images/while-eps-converted-
to.pdf Images/while.eps>
(epstopdf)             \includegraphics on input line 749.
Package epstopdf Info: Output file is already uptodate.

<Images/while-eps-converted-to.pdf, id=285, 665.48625pt x 341.275pt>
File: Images/while-eps-converted-to.pdf Graphic file (type pdf)

<use Images/while-eps-converted-to.pdf>
Package pdftex.def Info: Images/while-eps-converted-to.pdf used on input line 7
49.
(pdftex.def)             Requested size: 266.18977pt x 136.50757pt.
Package epstopdf Info: Source file: <Images/createResource.eps>
(epstopdf)                    date: 2013-02-12 10:54:46
(epstopdf)                    size: 14995 bytes
(epstopdf)             Output file: <Images/createResource-eps-converted-to.pdf
>
(epstopdf)                    date: 2013-02-12 11:52:42
(epstopdf)                    size: 6249 bytes
(epstopdf)             Command: <epstopdf --outfile=Images/createResource-eps-c
onverted-to.pdf Images/createResource.eps>
(epstopdf)             \includegraphics on input line 836.
Package epstopdf Info: Output file is already uptodate.

<Images/createResource-eps-converted-to.pdf, id=288, 699.61375pt x 478.78876pt>
File: Images/createResource-eps-converted-to.pdf Graphic file (type pdf)
<use Images/createResource-eps-converted-to.pdf>
Package pdftex.def Info: Images/createResource-eps-converted-to.pdf used on inp
ut line 836.
(pdftex.def)             Requested size: 244.86848pt x 167.57857pt.
 [16 <C:/Users/Jose/Desktop/Doctorado/Revistas/WWV-SpecialIssueJLAP/Images/whil
e-eps-converted-to.pdf>]
Package epstopdf Info: Source file: <Images/subscribe.eps>
(epstopdf)                    date: 2013-02-12 12:28:04
(epstopdf)                    size: 219670 bytes
(epstopdf)             Output file: <Images/subscribe-eps-converted-to.pdf>
(epstopdf)                    date: 2013-02-12 12:34:37
(epstopdf)                    size: 13614 bytes
(epstopdf)             Command: <epstopdf --outfile=Images/subscribe-eps-conver
ted-to.pdf Images/subscribe.eps>
(epstopdf)             \includegraphics on input line 868.
Package epstopdf Info: Output file is already uptodate.

<Images/subscribe-eps-converted-to.pdf, id=301, 631.35875pt x 252.945pt>
File: Images/subscribe-eps-converted-to.pdf Graphic file (type pdf)

<use Images/subscribe-eps-converted-to.pdf>
Package pdftex.def Info: Images/subscribe-eps-converted-to.pdf used on input li
ne 868.
(pdftex.def)             Requested size: 220.97887pt x 88.53207pt.
Package epstopdf Info: Source file: <Images/getProp.eps>
(epstopdf)                    date: 2013-02-12 12:29:52
(epstopdf)                    size: 220800 bytes
(epstopdf)             Output file: <Images/getProp-eps-converted-to.pdf>
(epstopdf)                    date: 2013-02-12 12:34:38
(epstopdf)                    size: 13775 bytes
(epstopdf)             Command: <epstopdf --outfile=Images/getProp-eps-converte
d-to.pdf Images/getProp.eps>
(epstopdf)             \includegraphics on input line 878.
Package epstopdf Info: Output file is already uptodate.

<Images/getProp-eps-converted-to.pdf, id=302, 662.475pt x 251.94125pt>
File: Images/getProp-eps-converted-to.pdf Graphic file (type pdf)

<use Images/getProp-eps-converted-to.pdf>
Package pdftex.def Info: Images/getProp-eps-converted-to.pdf used on input line
 878.
(pdftex.def)             Requested size: 231.86972pt x 88.18076pt.
Package epstopdf Info: Source file: <Images/setProp.eps>
(epstopdf)                    date: 2013-02-12 12:31:26
(epstopdf)                    size: 220802 bytes
(epstopdf)             Output file: <Images/setProp-eps-converted-to.pdf>
(epstopdf)                    date: 2013-02-12 12:34:38
(epstopdf)                    size: 13593 bytes
(epstopdf)             Command: <epstopdf --outfile=Images/setProp-eps-converte
d-to.pdf Images/setProp.eps>
(epstopdf)             \includegraphics on input line 904.
Package epstopdf Info: Output file is already uptodate.

<Images/setProp-eps-converted-to.pdf, id=303, 593.21625pt x 261.97874pt>
File: Images/setProp-eps-converted-to.pdf Graphic file (type pdf)

<use Images/setProp-eps-converted-to.pdf>
Package pdftex.def Info: Images/setProp-eps-converted-to.pdf used on input line
 904.
(pdftex.def)             Requested size: 207.6288pt x 91.69392pt.
Package epstopdf Info: Source file: <Images/setTime.eps>
(epstopdf)                    date: 2013-02-12 12:33:55
(epstopdf)                    size: 218235 bytes
(epstopdf)             Output file: <Images/setTime-eps-converted-to.pdf>
(epstopdf)                    date: 2013-02-12 12:34:39
(epstopdf)                    size: 13480 bytes
(epstopdf)             Command: <epstopdf --outfile=Images/setTime-eps-converte
d-to.pdf Images/setTime.eps>
(epstopdf)             \includegraphics on input line 917.
Package epstopdf Info: Output file is already uptodate.

<Images/setTime-eps-converted-to.pdf, id=305, 599.23875pt x 222.8325pt>
File: Images/setTime-eps-converted-to.pdf Graphic file (type pdf)

<use Images/setTime-eps-converted-to.pdf>
Package pdftex.def Info: Images/setTime-eps-converted-to.pdf used on input line
 917.
(pdftex.def)             Requested size: 209.7367pt x 77.99254pt.
 [17 <C:/Users/Jose/Desktop/Doctorado/Revistas/WWV-SpecialIssueJLAP/Images/crea
teResource-eps-converted-to.pdf>]
[18 <C:/Users/Jose/Desktop/Doctorado/Revistas/WWV-SpecialIssueJLAP/Images/subsc
ribe-eps-converted-to.pdf> <C:/Users/Jose/Desktop/Doctorado/Revistas/WWV-Specia
lIssueJLAP/Images/getProp-eps-converted-to.pdf> <C:/Users/Jose/Desktop/Doctorad
o/Revistas/WWV-SpecialIssueJLAP/Images/setProp-eps-converted-to.pdf>]
Package epstopdf Info: Source file: <Images/orchestration.eps>
(epstopdf)                    date: 2013-01-09 16:09:20
(epstopdf)                    size: 19958 bytes
(epstopdf)             Output file: <Images/orchestration-eps-converted-to.pdf>

(epstopdf)                    date: 2013-02-05 12:33:28
(epstopdf)                    size: 9727 bytes
(epstopdf)             Command: <epstopdf --outfile=Images/orchestration-eps-co
nverted-to.pdf Images/orchestration.eps>
(epstopdf)             \includegraphics on input line 982.
Package epstopdf Info: Output file is already uptodate.

<Images/orchestration-eps-converted-to.pdf, id=336, 277.035pt x 356.33125pt>
File: Images/orchestration-eps-converted-to.pdf Graphic file (type pdf)

<use Images/orchestration-eps-converted-to.pdf>
Package pdftex.def Info: Images/orchestration-eps-converted-to.pdf used on inpu
t line 982.
(pdftex.def)             Requested size: 138.51715pt x 178.16518pt.
)
(C:\Users\Jose\Desktop\Doctorado\Revistas\WWV-SpecialIssueJLAP\casestudy.tex
[19 <C:/Users/Jose/Desktop/Doctorado/Revistas/WWV-SpecialIssueJLAP/Images/setTi
me-eps-converted-to.pdf> <C:/Users/Jose/Desktop/Doctorado/Revistas/WWV-SpecialI
ssueJLAP/Images/orchestration-eps-converted-to.pdf>]
Package epstopdf Info: Source file: <Images/sistema.eps>
(epstopdf)                    date: 2013-02-06 12:02:14
(epstopdf)                    size: 279876 bytes
(epstopdf)             Output file: <Images/sistema-eps-converted-to.pdf>
(epstopdf)                    date: 2013-02-06 12:02:18
(epstopdf)                    size: 20544 bytes
(epstopdf)             Command: <epstopdf --outfile=Images/sistema-eps-converte
d-to.pdf Images/sistema.eps>
(epstopdf)             \includegraphics on input line 20.
Package epstopdf Info: Output file is already uptodate.

<Images/sistema-eps-converted-to.pdf, id=352, 1102.1175pt x 1613.02625pt>
File: Images/sistema-eps-converted-to.pdf Graphic file (type pdf)

<use Images/sistema-eps-converted-to.pdf>
Package pdftex.def Info: Images/sistema-eps-converted-to.pdf used on input line
 20.
(pdftex.def)             Requested size: 344.99947pt x 284.52359pt.

Overfull \hbox (10.13278pt too wide) in paragraph at lines 20--22
[][]
 []


LaTeX Warning: `h' float specifier changed to `ht'.

Package epstopdf Info: Source file: <Images/proceso.eps>
(epstopdf)                    date: 2013-02-06 11:52:24
(epstopdf)                    size: 259493 bytes
(epstopdf)             Output file: <Images/proceso-eps-converted-to.pdf>
(epstopdf)                    date: 2013-02-06 11:52:30
(epstopdf)                    size: 19023 bytes
(epstopdf)             Command: <epstopdf --outfile=Images/proceso-eps-converte
d-to.pdf Images/proceso.eps>
(epstopdf)             \includegraphics on input line 27.
Package epstopdf Info: Output file is already uptodate.
<Images/proceso-eps-converted-to.pdf, id=357, 745.78625pt x 1286.8075pt>
File: Images/proceso-eps-converted-to.pdf Graphic file (type pdf)

<use Images/proceso-eps-converted-to.pdf>
Package pdftex.def Info: Images/proceso-eps-converted-to.pdf used on input line
 27.
(pdftex.def)             Requested size: 345.0004pt x 284.53189pt.

Overfull \hbox (10.13371pt too wide) in paragraph at lines 27--29
[][]
 []


LaTeX Warning: `h' float specifier changed to `ht'.

) (C:\Users\Jose\Desktop\Doctorado\Revistas\WWV-SpecialIssueJLAP\analysis.tex
[20] [21 <C:/Users/Jose/Desktop/Doctorado/Revistas/WWV-SpecialIssueJLAP/Images/
sistema-eps-converted-to.pdf>]
Package epstopdf Info: Source file: <Images/queries.eps>
(epstopdf)                    date: 2013-01-09 12:59:48
(epstopdf)                    size: 357240 bytes
(epstopdf)             Output file: <Images/queries-eps-converted-to.pdf>
(epstopdf)                    date: 2013-02-05 12:33:30
(epstopdf)                    size: 11645 bytes
(epstopdf)             Command: <epstopdf --outfile=Images/queries-eps-converte
d-to.pdf Images/queries.eps>
(epstopdf)             \includegraphics on input line 73.
Package epstopdf Info: Output file is already uptodate.

<Images/queries-eps-converted-to.pdf, id=382, 472.76625pt x 69.25874pt>
File: Images/queries-eps-converted-to.pdf Graphic file (type pdf)

<use Images/queries-eps-converted-to.pdf>
Package pdftex.def Info: Images/queries-eps-converted-to.pdf used on input line
 73.
(pdftex.def)             Requested size: 345.00829pt x 42.67892pt.
 [22 <C:/Users/Jose/Desktop/Doctorado/Revistas/WWV-SpecialIssueJLAP/Images/proc
eso-eps-converted-to.pdf>]) [23 <C:/Users/Jose/Desktop/Doctorado/Revistas/WWV-S
pecialIssueJLAP/Images/queries-eps-converted-to.pdf>] [24]
Package atveryend Info: Empty hook `BeforeClearDocument' on input line 421.
 [25]
Package atveryend Info: Empty hook `AfterLastShipout' on input line 421.

(C:\Users\Jose\Desktop\Doctorado\Revistas\WWV-SpecialIssueJLAP\main.aux)
Package atveryend Info: Executing hook `AtVeryEndDocument' on input line 421.
Package atveryend Info: Executing hook `AtEndAfterFileList' on input line 421.
Package rerunfilecheck Info: File `main.out' has not changed.
(rerunfilecheck)             Checksum: 0CCA88111DA2C7D453A7A76A21CAA21D;897.
Package atveryend Info: Empty hook `AtVeryVeryEnd' on input line 421.
 ) 
Here is how much of TeX's memory you used:
 11289 strings out of 494045
 167443 string characters out of 3145972
 318741 words of memory out of 3000000
 14251 multiletter control sequences out of 15000+200000
 16055 words of font info for 65 fonts, out of 3000000 for 9000
 715 hyphenation exceptions out of 8191
 61i,27n,96p,2809b,681s stack positions out of 5000i,500n,10000p,200000b,50000s
pdfTeX warning (dest): name{Hfootnote.1} has been referenced but does not exi
st, replaced by a fixed one

<C:/Program Files (x86)/MiKTeX 2.9/fonts/type1/public/amsfonts/cm/cmbx10.pfb><C
:/Program Files (x86)/MiKTeX 2.9/fonts/type1/public/amsfonts/cm/cmmi10.pfb><C:/
Program Files (x86)/MiKTeX 2.9/fonts/type1/public/amsfonts/cm/cmmi5.pfb><C:/Pro
gram Files (x86)/MiKTeX 2.9/fonts/type1/public/amsfonts/cm/cmmi7.pfb><C:/Progra
m Files (x86)/MiKTeX 2.9/fonts/type1/public/amsfonts/cm/cmmi8.pfb><C:/Program F
iles (x86)/MiKTeX 2.9/fonts/type1/public/amsfonts/cm/cmmi9.pfb><C:/Program File
s (x86)/MiKTeX 2.9/fonts/type1/public/amsfonts/cm/cmr10.pfb><C:/Program Files (
x86)/MiKTeX 2.9/fonts/type1/public/amsfonts/cm/cmr12.pfb><C:/Program Files (x86
)/MiKTeX 2.9/fonts/type1/public/amsfonts/cm/cmr5.pfb><C:/Program Files (x86)/Mi
KTeX 2.9/fonts/type1/public/amsfonts/cm/cmr6.pfb><C:/Program Files (x86)/MiKTeX
 2.9/fonts/type1/public/amsfonts/cm/cmr7.pfb><C:/Program Files (x86)/MiKTeX 2.9
/fonts/type1/public/amsfonts/cm/cmr8.pfb><C:/Program Files (x86)/MiKTeX 2.9/fon
ts/type1/public/amsfonts/cm/cmr9.pfb><C:/Program Files (x86)/MiKTeX 2.9/fonts/t
ype1/public/amsfonts/cm/cmsy10.pfb><C:/Program Files (x86)/MiKTeX 2.9/fonts/typ
e1/public/amsfonts/cm/cmsy5.pfb><C:/Program Files (x86)/MiKTeX 2.9/fonts/type1/
public/amsfonts/cm/cmsy6.pfb><C:/Program Files (x86)/MiKTeX 2.9/fonts/type1/pub
lic/amsfonts/cm/cmsy7.pfb><C:/Program Files (x86)/MiKTeX 2.9/fonts/type1/public
/amsfonts/cm/cmsy8.pfb><C:/Program Files (x86)/MiKTeX 2.9/fonts/type1/public/am
sfonts/cm/cmti10.pfb><C:/Program Files (x86)/MiKTeX 2.9/fonts/type1/public/amsf
onts/cm/cmti7.pfb><C:/Program Files (x86)/MiKTeX 2.9/fonts/type1/public/amsfont
s/cm/cmti8.pfb><C:/Program Files (x86)/MiKTeX 2.9/fonts/type1/public/amsfonts/c
m/cmti9.pfb><C:/Program Files (x86)/MiKTeX 2.9/fonts/type1/public/amsfonts/cm/c
mtt10.pfb><C:/Program Files (x86)/MiKTeX 2.9/fonts/type1/public/amsfonts/cm/cmt
t8.pfb><C:/Program Files (x86)/MiKTeX 2.9/fonts/type1/public/amsfonts/latxfont/
lasy10.pfb><C:/Program Files (x86)/MiKTeX 2.9/fonts/type1/public/amsfonts/symbo
ls/msam7.pfb><C:/Program Files (x86)/MiKTeX 2.9/fonts/type1/public/amsfonts/sym
bols/msbm10.pfb><C:/Program Files (x86)/MiKTeX 2.9/fonts/type1/urw/zapfding/uzd
r.pfb>
Output written on main.pdf (25 pages, 652999 bytes).
PDF statistics:
 518 PDF objects out of 1000 (max. 8388607)
 89 named destinations out of 1000 (max. 500000)
 205 words of extra memory for PDF output out of 10000 (max. 10000000)

